[2019-07-11 14:21:52.055] [exthost] [info] extension host started
[2019-07-11 14:21:53.091] [exthost] [info] extension host started
[2019-07-11 14:21:53.112] [exthost] [info] ExtensionService#_doActivateExtension vscode.debug-auto-launch {"startup":true,"activationEvent":"*"}
[2019-07-11 14:21:53.112] [exthost] [info] ExtensionService#loadCommonJSModule c:\Users\Desktop\.codemix\engine\resources\app\extensions\debug-auto-launch\dist\extension
[2019-07-11 14:21:53.116] [exthost] [info] ExtensionService#_doActivateExtension vscode.emmet {"startup":true,"activationEvent":"*"}
[2019-07-11 14:21:53.116] [exthost] [info] ExtensionService#loadCommonJSModule c:\Users\Desktop\.codemix\engine\resources\app\extensions\emmet\dist\extension
[2019-07-11 14:21:53.141] [exthost] [info] ExtensionService#_doActivateExtension vscode.configuration-editing {"startup":false,"activationEvent":"onLanguage:jsonc"}
[2019-07-11 14:21:53.141] [exthost] [info] ExtensionService#loadCommonJSModule c:\Users\Desktop\.codemix\engine\resources\app\extensions\configuration-editing\dist\extension
[2019-07-11 14:21:53.149] [exthost] [info] ExtensionService#_doActivateExtension vscode.json-language-features {"startup":false,"activationEvent":"onLanguage:jsonc"}
[2019-07-11 14:21:53.149] [exthost] [info] ExtensionService#loadCommonJSModule c:\Users\Desktop\.codemix\engine\resources\app\extensions\json-language-features\client\dist\jsonMain
[2019-07-11 14:21:53.226] [exthost] [info] ExtensionService#_doActivateExtension vscode.typescript-language-features {"startup":false,"activationEvent":"onLanguage:jsonc"}
[2019-07-11 14:21:53.226] [exthost] [info] ExtensionService#loadCommonJSModule c:\Users\Desktop\.codemix\engine\resources\app\extensions\typescript-language-features\dist\extension
[2019-07-11 14:21:53.298] [exthost] [info] ExtensionService#_doActivateExtension vscode.grunt {"startup":false,"activationEvent":"onCommand:workbench.action.tasks.runTask"}
[2019-07-11 14:21:53.298] [exthost] [info] ExtensionService#loadCommonJSModule c:\Users\Desktop\.codemix\engine\resources\app\extensions\grunt\dist\main
[2019-07-11 14:21:53.302] [exthost] [info] ExtensionService#_doActivateExtension vscode.gulp {"startup":false,"activationEvent":"onCommand:workbench.action.tasks.runTask"}
[2019-07-11 14:21:53.302] [exthost] [info] ExtensionService#loadCommonJSModule c:\Users\Desktop\.codemix\engine\resources\app\extensions\gulp\dist\main
[2019-07-11 14:21:53.306] [exthost] [info] ExtensionService#_doActivateExtension vscode.jake {"startup":false,"activationEvent":"onCommand:workbench.action.tasks.runTask"}
[2019-07-11 14:21:53.306] [exthost] [info] ExtensionService#loadCommonJSModule c:\Users\Desktop\.codemix\engine\resources\app\extensions\jake\dist\main
[2019-07-11 14:21:53.310] [exthost] [info] ExtensionService#_doActivateExtension vscode.npm {"startup":false,"activationEvent":"onCommand:workbench.action.tasks.runTask"}
[2019-07-11 14:21:53.310] [exthost] [info] ExtensionService#loadCommonJSModule c:\Users\Desktop\.codemix\engine\resources\app\extensions\npm\dist\main
[2019-07-11 14:21:53.330] [exthost] [info] eager extensions activated
